<?xml version="1.0" encoding="UTF-8"?>
<testsuite xmlns:xsi="http://www.w3.org/2001/XMLSchema-instance" xsi:noNamespaceSchemaLocation="https://maven.apache.org/surefire/maven-surefire-plugin/xsd/surefire-test-report.xsd" name="com.newcapec.EmpTest" time="0.629" tests="2" errors="0" skipped="0" failures="0">
  <properties>
    <property name="sun.desktop" value="windows"/>
    <property name="awt.toolkit" value="sun.awt.windows.WToolkit"/>
    <property name="file.encoding.pkg" value="sun.io"/>
    <property name="java.specification.version" value="1.8"/>
    <property name="sun.cpu.isalist" value="amd64"/>
    <property name="sun.jnu.encoding" value="GBK"/>
    <property name="java.class.path" value="D:\NewCape\MyBatis\mybatis01\target\test-classes;D:\NewCape\MyBatis\mybatis01\target\classes;D:\mavenRepository\org\mybatis\mybatis\3.4.6\mybatis-3.4.6.jar;D:\mavenRepository\mysql\mysql-connector-java\5.1.38\mysql-connector-java-5.1.38.jar;D:\mavenRepository\log4j\log4j\1.2.17\log4j-1.2.17.jar;D:\mavenRepository\junit\junit\4.12\junit-4.12.jar;D:\mavenRepository\org\hamcrest\hamcrest-core\1.3\hamcrest-core-1.3.jar;"/>
    <property name="java.vm.vendor" value="Amazon.com Inc."/>
    <property name="sun.arch.data.model" value="64"/>
    <property name="user.variant" value=""/>
    <property name="java.vendor.url" value="https://aws.amazon.com/corretto/"/>
    <property name="user.timezone" value="Asia/Shanghai"/>
    <property name="java.vm.specification.version" value="1.8"/>
    <property name="os.name" value="Windows 10"/>
    <property name="user.country" value="CN"/>
    <property name="sun.java.launcher" value="SUN_STANDARD"/>
    <property name="sun.boot.library.path" value="D:\.jdks\1.8\jre\bin"/>
    <property name="sun.java.command" value="C:\Users\19699\AppData\Local\Temp\surefire8062606752437529982\surefirebooter9157121334374757055.jar C:\Users\19699\AppData\Local\Temp\surefire8062606752437529982 2022-04-13T11-36-26_499-jvmRun1 surefire8092687878023035206tmp surefire_06370577221661152969tmp"/>
    <property name="surefire.test.class.path" value="D:\NewCape\MyBatis\mybatis01\target\test-classes;D:\NewCape\MyBatis\mybatis01\target\classes;D:\mavenRepository\org\mybatis\mybatis\3.4.6\mybatis-3.4.6.jar;D:\mavenRepository\mysql\mysql-connector-java\5.1.38\mysql-connector-java-5.1.38.jar;D:\mavenRepository\log4j\log4j\1.2.17\log4j-1.2.17.jar;D:\mavenRepository\junit\junit\4.12\junit-4.12.jar;D:\mavenRepository\org\hamcrest\hamcrest-core\1.3\hamcrest-core-1.3.jar;"/>
    <property name="sun.cpu.endian" value="little"/>
    <property name="user.home" value="C:\Users\19699"/>
    <property name="user.language" value="zh"/>
    <property name="java.specification.vendor" value="Oracle Corporation"/>
    <property name="java.home" value="D:\.jdks\1.8\jre"/>
    <property name="basedir" value="D:\NewCape\MyBatis\mybatis01"/>
    <property name="file.separator" value="\"/>
    <property name="line.separator" value="&#10;"/>
    <property name="java.vm.specification.vendor" value="Oracle Corporation"/>
    <property name="java.specification.name" value="Java Platform API Specification"/>
    <property name="java.awt.graphicsenv" value="sun.awt.Win32GraphicsEnvironment"/>
    <property name="surefire.real.class.path" value="C:\Users\19699\AppData\Local\Temp\surefire8062606752437529982\surefirebooter9157121334374757055.jar"/>
    <property name="sun.boot.class.path" value="D:\.jdks\1.8\jre\lib\resources.jar;D:\.jdks\1.8\jre\lib\rt.jar;D:\.jdks\1.8\jre\lib\sunrsasign.jar;D:\.jdks\1.8\jre\lib\jsse.jar;D:\.jdks\1.8\jre\lib\jce.jar;D:\.jdks\1.8\jre\lib\charsets.jar;D:\.jdks\1.8\jre\lib\jfr.jar;D:\.jdks\1.8\jre\classes"/>
    <property name="user.script" value=""/>
    <property name="sun.management.compiler" value="HotSpot 64-Bit Tiered Compilers"/>
    <property name="java.runtime.version" value="1.8.0_292-b10"/>
    <property name="user.name" value="19699"/>
    <property name="path.separator" value=";"/>
    <property name="os.version" value="10.0"/>
    <property name="java.endorsed.dirs" value="D:\.jdks\1.8\jre\lib\endorsed"/>
    <property name="java.runtime.name" value="OpenJDK Runtime Environment"/>
    <property name="file.encoding" value="GBK"/>
    <property name="java.vm.name" value="OpenJDK 64-Bit Server VM"/>
    <property name="localRepository" value="D:\mavenRepository"/>
    <property name="java.vendor.url.bug" value="https://github.com/corretto/corretto-8/issues/"/>
    <property name="java.io.tmpdir" value="C:\Users\19699\AppData\Local\Temp\"/>
    <property name="idea.version" value="2021.1.2"/>
    <property name="java.version" value="1.8.0_292"/>
    <property name="user.dir" value="D:\NewCape\MyBatis\mybatis01"/>
    <property name="os.arch" value="amd64"/>
    <property name="java.vm.specification.name" value="Java Virtual Machine Specification"/>
    <property name="java.awt.printerjob" value="sun.awt.windows.WPrinterJob"/>
    <property name="sun.os.patch.level" value=""/>
    <property name="java.library.path" value="D:\.jdks\1.8\jre\bin;C:\WINDOWS\Sun\Java\bin;C:\WINDOWS\system32;C:\WINDOWS;D:\.jdks\1.8\bin;C:\WINDOWS\system32;C:\WINDOWS;C:\WINDOWS\System32\Wbem;C:\WINDOWS\System32\WindowsPowerShell\v1.0\;C:\WINDOWS\System32\OpenSSH\;C:\Program Files (x86)\NVIDIA Corporation\PhysX\Common;C:\Program Files\NVIDIA Corporation\NVIDIA NvDLISR;D:\Git\Git\cmd;D:\Microsoft VS Code\Microsoft VS Code;C:\Program Files\nodejs\;D:\Personal_Tools\apache-maven-3.3.9\bin;C:\Program Files\MySQL\MySQL Server 5.7\bin;C:\WINDOWS\system32;C:\WINDOWS;C:\WINDOWS\System32\Wbem;C:\WINDOWS\System32\WindowsPowerShell\v1.0\;C:\WINDOWS\System32\OpenSSH\;C:\Users\19699\AppData\Local\Microsoft\WindowsApps;;D:\Microsoft VS Code\Microsoft VS Code\bin;C:\Users\19699\AppData\Roaming\npm;."/>
    <property name="java.vm.info" value="mixed mode"/>
    <property name="java.vendor" value="Amazon.com Inc."/>
    <property name="java.vm.version" value="25.292-b10"/>
    <property name="java.ext.dirs" value="D:\.jdks\1.8\jre\lib\ext;C:\WINDOWS\Sun\Java\lib\ext"/>
    <property name="sun.io.unicode.encoding" value="UnicodeLittle"/>
    <property name="java.class.version" value="52.0"/>
  </properties>
  <testcase name="selectEmp" classname="com.newcapec.EmpTest" time="0.55"/>
  <testcase name="insertEmp" classname="com.newcapec.EmpTest" time="0.037"/>
</testsuite>